TN:
SF:src/buildAST.js
FN:3,(anonymous_0)
FN:8,(anonymous_1)
FNF:2
FNH:2
FNDA:2,(anonymous_0)
FNDA:10,(anonymous_1)
DA:3,1
DA:4,2
DA:9,10
DA:10,3
DA:13,7
DA:14,3
DA:17,4
DA:18,2
DA:23,2
DA:24,2
LF:10
LH:10
BRDA:9,0,0,3
BRDA:9,0,1,7
BRDA:13,1,0,3
BRDA:13,1,1,4
BRDA:17,2,0,2
BRDA:17,2,1,2
BRDA:17,3,0,4
BRDA:17,3,1,4
BRDA:17,3,2,4
BRDA:23,4,0,2
BRDA:23,4,1,0
BRDA:23,5,0,2
BRDA:23,5,1,2
BRF:13
BRH:12
end_of_record
TN:
SF:src/index.js
FN:6,(anonymous_0)
FN:11,(anonymous_1)
FN:23,(anonymous_2)
FN:41,(anonymous_3)
FNF:4
FNH:4
FNDA:4,(anonymous_0)
FNDA:7,(anonymous_1)
FNDA:2,(anonymous_2)
FNDA:2,(anonymous_3)
DA:6,1
DA:7,4
DA:8,4
DA:11,1
DA:12,7
DA:13,7
DA:14,5
DA:15,5
DA:17,2
DA:18,2
DA:19,2
DA:23,1
DA:24,2
DA:25,2
DA:26,2
DA:27,12
DA:28,5
DA:30,12
DA:31,5
DA:33,12
DA:34,2
DA:37,2
DA:38,2
DA:41,1
DA:42,2
DA:43,2
DA:44,2
DA:45,2
DA:46,2
LF:29
LH:29
BRDA:13,0,0,5
BRDA:13,0,1,2
BRDA:17,1,0,2
BRDA:17,1,1,0
BRDA:17,2,0,2
BRDA:17,2,1,1
BRDA:27,3,0,5
BRDA:27,3,1,7
BRDA:30,4,0,5
BRDA:30,4,1,7
BRDA:33,5,0,2
BRDA:33,5,1,10
BRF:12
BRH:11
end_of_record
